# Nmap 7.92 scan initiated Sat Sep  3 23:34:54 2022 as: nmap -sC -sV -oN scans/nmap-10.10.72.110.out 10.10.72.110
Nmap scan report for 10.10.72.110
Host is up (0.19s latency).
Not shown: 989 closed tcp ports (conn-refused)
PORT      STATE SERVICE            VERSION
80/tcp    open  http               Microsoft IIS httpd 8.5
| http-methods: 
|_  Potentially risky methods: TRACE
|_http-server-header: Microsoft-IIS/8.5
|_http-title: Site doesn't have a title (text/html).
135/tcp   open  msrpc              Microsoft Windows RPC
139/tcp   open  netbios-ssn        Microsoft Windows netbios-ssn
445/tcp   open  microsoft-ds       Microsoft Windows Server 2008 R2 - 2012 microsoft-ds
3389/tcp  open  ssl/ms-wbt-server?
| rdp-ntlm-info: 
|   Target_Name: STEELMOUNTAIN
|   NetBIOS_Domain_Name: STEELMOUNTAIN
|   NetBIOS_Computer_Name: STEELMOUNTAIN
|   DNS_Domain_Name: steelmountain
|   DNS_Computer_Name: steelmountain
|   Product_Version: 6.3.9600
|_  System_Time: 2022-09-04T05:47:52+00:00
| ssl-cert: Subject: commonName=steelmountain
| Not valid before: 2022-09-03T05:29:06
|_Not valid after:  2023-03-05T05:29:06
|_ssl-date: 2022-09-04T05:47:57+00:00; 0s from scanner time.
8080/tcp  open  http               HttpFileServer httpd 2.3
|_http-title: HFS /
|_http-server-header: HFS 2.3
49152/tcp open  msrpc              Microsoft Windows RPC
49153/tcp open  msrpc              Microsoft Windows RPC
49154/tcp open  msrpc              Microsoft Windows RPC
49155/tcp open  msrpc              Microsoft Windows RPC
49156/tcp open  msrpc              Microsoft Windows RPC
Service Info: OSs: Windows, Windows Server 2008 R2 - 2012; CPE: cpe:/o:microsoft:windows

Host script results:
| smb2-time: 
|   date: 2022-09-04T05:47:51
|_  start_date: 2022-09-04T05:28:57
| smb-security-mode: 
|   account_used: <blank>
|   authentication_level: user
|   challenge_response: supported
|_  message_signing: disabled (dangerous, but default)
|_nbstat: NetBIOS name: STEELMOUNTAIN, NetBIOS user: <unknown>, NetBIOS MAC: 02:7b:59:fc:73:23 (unknown)
| smb2-security-mode: 
|   3.0.2: 
|_    Message signing enabled but not required

Service detection performed. Please report any incorrect results at https://nmap.org/submit/ .
# Nmap done at Sat Sep  3 23:47:58 2022 -- 1 IP address (1 host up) scanned in 783.97 seconds
